Residue,SS,ASA,Phi,Psi
M,-,1.0,360.0,107.2
E,-,1.0,62.6,101.4
E,-,0.9896907216494846,-86.6,148.0
P,-,0.9411764705882353,-92.8,142.2
Q,-,1.0,-63.6,142.0
S,-,0.9307692307692308,-87.7,132.1
D,-,0.9447852760736196,-80.0,134.3
P,-,0.875,-96.0,83.3
S,-,0.8461538461538461,-159.7,78.1
V,-,0.9507042253521126,-134.0,94.4
E,-,0.9639175257731959,-68.8,126.3
P,-,0.7867647058823529,-76.8,156.5
P,-,0.8602941176470589,-70.5,136.4
L,-,0.9146341463414634,-49.0,99.1
S,-,0.43846153846153846,-94.5,155.4
Q,T,0.9696969696969697,-59.7,-14.0
E,T,0.865979381443299,-88.6,-24.4
T,T,0.43661971830985913,-80.7,-8.8
F,H,0.6345177664974619,-69.2,-30.8
S,H,0.6153846153846154,-69.2,-33.1
D,H,0.5828220858895705,-78.0,-35.4
L,H,0.573170731707317,-63.6,-36.5
W,H,0.7577092511013216,-69.5,-30.0
K,H,0.8097560975609757,-77.5,-13.5
L,T,0.8658536585365854,-89.5,-5.2
L,S,0.6341463414634146,-80.0,131.1
P,-,0.8382352941176471,-57.4,127.2
E,S,0.9896907216494846,-68.1,5.5
N,-,0.8789808917197452,-119.6,86.1
N,-,1.0,-174.2,26.7
V,S,0.8873239436619719,-102.5,108.8
L,-,0.9573170731707317,69.3,97.4
S,-,0.9769230769230769,-129.0,120.3
P,-,0.8308823529411765,-94.5,147.7
L,-,0.9634146341463414,76.4,156.7
P,-,0.8161764705882353,-132.3,159.0
S,-,0.7923076923076923,-56.1,117.5
Q,-,0.9797979797979798,174.2,125.3
A,-,0.8867924528301887,-147.9,136.1
M,-,0.824468085106383,-66.2,157.3
D,-,0.9202453987730062,82.0,79.8
D,-,0.9877300613496932,-170.9,155.5
L,-,0.9024390243902439,93.4,49.5
M,-,0.9787234042553191,-85.6,107.5
L,-,0.9939024390243902,-122.2,133.4
S,-,0.6230769230769231,-66.0,150.5
P,S,0.8161764705882353,-75.6,84.8
D,-,0.8098159509202454,-137.0,-1.0
D,T,1.0,-95.4,18.1
I,T,0.8698224852071006,-101.6,1.9
E,S,0.9536082474226805,-105.1,8.5
Q,S,0.9343434343434344,-112.0,7.0
W,S,1.0,-104.8,9.9
F,-,0.9543147208121827,-122.0,108.1
T,-,0.852112676056338,170.2,126.5
E,-,0.9845360824742269,91.0,129.9
D,-,0.9938650306748467,-85.6,169.4
P,-,0.8676470588235294,-100.0,162.6
G,-,0.8690476190476191,178.9,142.7
P,-,0.9117647058823529,-116.5,157.4
D,-,0.9386503067484663,-173.9,152.6
E,-,0.9226804123711341,75.5,115.5
A,-,0.8490566037735849,-95.0,-155.8
P,-,0.8676470588235294,-126.8,163.7
R,-,1.0,-154.9,115.0
M,-,0.9361702127659575,-84.3,-172.6
P,-,0.8161764705882353,-128.7,-177.9
E,-,0.9896907216494846,172.1,142.2
A,-,0.9433962264150944,83.3,114.9
A,-,0.8867924528301887,-120.1,177.2
P,-,0.8455882352941176,-126.4,-171.6
P,-,0.9191176470588235,-146.8,165.3
V,-,1.0,-50.5,130.7
A,-,0.8301886792452831,-136.1,152.5
P,-,0.9117647058823529,-78.3,154.6
A,-,0.9056603773584906,-52.0,135.4
P,-,0.9117647058823529,-74.4,139.2
A,-,0.9150943396226415,-53.6,132.4
A,-,0.8490566037735849,-54.8,134.5
P,-,0.9117647058823529,-69.4,130.8
T,-,0.8943661971830986,-55.0,140.5
P,-,0.9191176470588235,-62.7,109.3
A,-,0.8962264150943396,-56.3,135.0
A,-,0.8207547169811321,-49.4,144.3
P,-,0.9338235294117647,-59.8,119.2
A,-,0.8113207547169812,-51.6,141.9
P,-,0.9117647058823529,-54.8,133.4
A,-,0.8207547169811321,-49.7,136.1
P,-,0.6911764705882353,-56.9,119.2
S,-,0.9076923076923077,-64.9,104.3
W,-,0.7400881057268722,-58.6,143.9
P,-,0.47058823529411764,-59.1,128.7
L,-,0.7134146341463414,-64.6,132.7
S,-,0.007692307692307693,-71.7,121.4
S,S,0.9769230769230769,-64.1,-24.6
S,-,0.45384615384615384,-116.6,138.1
V,-,0.43661971830985913,-103.9,119.0
P,-,0.27941176470588236,-64.0,143.3
S,-,0.4461538461538462,-67.3,131.1
Q,-,0.41919191919191917,-94.8,6.0
K,-,0.775609756097561,-69.1,120.5
T,-,0.5211267605633803,-55.4,129.0
Y,B,0.46396396396396394,-144.7,104.1
Q,-,0.5505050505050505,-69.0,-26.4
G,T,0.27380952380952384,62.9,-170.7
S,T,0.7923076923076923,-68.3,-18.1
Y,T,0.22072072072072071,-100.8,3.9
G,T,0.05952380952380952,68.7,28.6
F,-,0.0,-58.5,117.3
R,E,0.3387096774193548,-143.2,160.6
L,E,0.1524390243902439,-104.2,141.0
G,E,0.14285714285714285,-121.1,157.0
F,-,0.1116751269035533,-137.8,143.9
L,-,0.5304878048780488,-64.9,135.3
H,-,0.9891304347826086,-72.1,99.7
S,-,0.3384615384615385,-104.5,145.4
G,-,0.6071428571428571,-66.4,-177.6
T,-,0.2605633802816901,-112.9,15.9
A,-,0.4811320754716981,-54.4,155.5
K,T,0.8878048780487805,-62.1,-24.4
S,T,0.7923076923076923,-82.8,-7.7
V,-,0.19014084507042253,-70.1,128.2
T,S,0.43661971830985913,-85.8,-27.8
C,E,0.14814814814814814,-144.0,138.8
T,E,0.0,-153.3,140.9
Y,E,0.17567567567567569,-109.8,134.9
S,E,0.0,-100.7,110.8
P,T,0.5588235294117647,-61.9,-38.7
A,T,0.6981132075471698,-64.7,-34.2
L,T,0.24390243902439024,-95.9,-7.4
N,T,0.4012738853503185,44.9,49.9
K,E,0.05365853658536585,-136.9,126.6
M,E,0.010638297872340425,-93.2,132.0
F,E,0.0,-112.4,122.9
C,E,0.0,-140.7,158.9
Q,-,0.25757575757575757,-81.2,157.9
L,T,0.3719512195121951,-52.0,130.0
A,T,0.41509433962264153,56.9,9.6
K,-,0.47804878048780486,-82.7,148.1
T,-,0.3591549295774648,-62.0,128.6
C,E,0.0,-121.1,96.2
P,E,0.20588235294117646,-72.5,126.9
V,E,0.0,-122.2,121.9
Q,E,0.17676767676767677,-89.8,132.2
L,E,0.024390243902439025,-101.8,126.5
W,E,0.24669603524229075,-117.5,134.9
V,-,0.15492957746478872,-138.5,145.2
D,S,0.6748466257668712,-86.4,-21.4
S,S,0.43846153846153846,-144.8,147.0
T,-,0.6971830985915493,-66.0,121.5
P,-,0.051470588235294115,-61.1,161.5
P,-,0.4264705882352941,-62.6,154.4
P,T,0.9705882352941176,-54.1,138.5
G,T,0.5714285714285714,87.3,3.3
T,-,0.04225352112676056,-58.8,143.3
R,E,0.2056451612903226,-128.8,153.1
V,E,0.014084507042253521,-117.4,120.4
R,E,0.14516129032258066,-110.7,137.6
A,E,0.0,-113.7,133.6
M,E,0.14361702127659576,-139.7,137.8
A,E,0.09433962264150944,-96.4,139.6
I,E,0.0,-131.5,156.1
Y,E,0.013513513513513514,-71.3,142.5
K,S,0.5024390243902439,-78.7,-34.6
Q,S,0.398989898989899,-76.2,132.2
S,G,0.7846153846153846,-50.3,-44.1
Q,G,0.6717171717171717,-60.0,-19.9
H,G,0.17391304347826086,-118.1,-1.3
M,T,0.1702127659574468,-63.1,-28.2
T,T,0.3873239436619718,-77.0,-17.5
E,S,0.30927835051546393,-74.7,147.2
V,-,0.09154929577464789,-81.6,132.0
V,-,0.04225352112676056,-77.1,117.3
R,-,0.1693548387096774,-129.0,163.3
R,-,0.028225806451612902,-68.6,158.4
C,-,0.037037037037037035,-70.8,155.0
P,H,0.4117647058823529,-56.0,-27.0
H,H,0.7880434782608695,-68.7,-49.9
H,H,0.16304347826086957,-74.3,-31.3
E,H,0.30927835051546393,-62.4,-37.3
R,S,0.8588709677419355,-80.7,-12.5
C,S,0.35555555555555557,-76.2,132.8
S,-,0.8307692307692308,-77.3,27.1
D,-,0.5828220858895705,-75.8,31.2
S,-,0.4307692307692308,-90.2,123.8
D,-,0.7914110429447853,-69.3,18.9
G,S,0.8333333333333334,70.4,-26.5
L,S,0.6829268292682927,-85.3,-30.7
A,S,0.04716981132075472,-105.4,123.5
P,-,0.2647058823529412,-60.2,139.7
P,T,0.39705882352941174,-62.6,-19.9
Q,T,0.19696969696969696,-80.3,-16.6
H,-,0.010869565217391304,-76.5,124.6
L,S,0.024390243902439025,-70.1,-43.4
I,E,0.0650887573964497,-98.7,127.2
R,E,0.036290322580645164,-116.7,159.9
V,E,0.09859154929577464,-113.6,128.8
E,S,0.4536082474226804,-89.6,143.7
G,S,1.0,71.2,10.2
N,-,0.20382165605095542,-123.8,110.3
L,T,0.9390243902439024,-77.7,-13.2
R,T,0.5241935483870968,-89.6,16.1
V,-,0.15492957746478872,-71.5,134.0
E,E,0.4742268041237113,-116.9,122.9
Y,E,0.17567567567567569,-94.8,120.9
L,E,0.36585365853658536,-115.9,126.6
D,E,0.44171779141104295,-99.9,106.9
D,-,0.3987730061349693,-67.7,123.0
R,T,0.907258064516129,-68.7,-21.4
N,T,0.9044585987261147,-96.9,-38.5
T,T,0.14788732394366197,-106.1,-13.2
F,-,0.467005076142132,57.7,14.7
R,-,0.024193548387096774,-80.1,134.8
H,E,0.11956521739130435,-84.5,132.9
S,E,0.038461538461538464,-139.0,158.3
V,E,0.014084507042253521,-123.8,135.8
V,E,0.007042253521126761,-127.6,136.0
V,E,0.02112676056338028,-126.9,149.8
P,E,0.2426470588235294,-58.3,138.7
Y,-,0.12162162162162163,-68.4,130.7
E,-,0.4329896907216495,-113.7,130.0
P,-,0.5808823529411765,-59.0,154.1
P,-,0.29411764705882354,-54.6,144.5
E,-,0.845360824742268,-60.0,153.9
V,T,1.0,-59.1,117.8
G,T,1.0,98.2,-6.1
S,-,0.4076923076923077,-102.0,151.7
D,S,0.6319018404907976,-103.5,-4.3
C,S,0.06666666666666667,-141.0,156.0
T,E,0.13380281690140844,-102.8,131.7
T,E,0.39436619718309857,-104.1,127.9
I,E,0.08875739644970414,-106.6,132.2
H,E,0.42391304347826086,-95.7,111.8
Y,E,0.009009009009009009,-101.1,153.1
N,E,0.10191082802547771,-126.7,142.1
Y,E,0.0,-110.6,116.3
M,-,0.09042553191489362,-94.5,16.8
C,S,0.0,-153.7,139.5
N,-,0.24203821656050956,-67.2,145.4
S,T,0.05384615384615385,-59.8,-23.9
S,T,0.5,-87.2,-3.2
C,-,0.13333333333333333,-62.8,124.0
M,T,0.8457446808510638,-65.0,141.9
G,T,0.75,75.6,-4.1
G,T,0.047619047619047616,-117.9,-116.8
M,T,0.0,-63.7,-32.4
N,T,0.5414012738853503,48.3,51.8
R,T,0.8064516129032258,64.0,7.7
R,-,0.15725806451612903,-77.9,124.3
P,-,0.27941176470588236,-63.8,143.2
I,E,0.0,-117.9,151.0
L,E,0.07926829268292683,-110.5,132.2
T,E,0.0,-93.9,118.9
I,E,0.029585798816568046,-95.1,126.4
I,E,0.0,-108.9,123.2
T,E,0.09859154929577464,-114.6,136.8
L,E,0.0,-94.0,122.2
E,E,0.07731958762886598,-127.4,148.7
D,-,0.22699386503067484,-74.5,-178.2
S,T,0.6461538461538462,-62.8,-19.3
S,T,0.7307692307692307,-96.8,-1.0
G,-,0.4523809523809524,83.8,10.6
N,-,0.5987261146496815,-75.4,143.5
L,E,0.4024390243902439,-72.5,117.2
L,E,0.18902439024390244,-98.1,-28.3
G,E,0.0,-168.2,157.3
R,E,0.16129032258064516,-150.5,138.0
N,E,0.16560509554140126,-148.4,172.0
S,E,0.08461538461538462,-155.6,154.7
F,E,0.0,-145.1,151.0
E,E,0.07731958762886598,-77.4,146.5
V,E,0.007042253521126761,-127.7,133.8
R,E,0.32661290322580644,-124.7,111.7
V,E,0.014084507042253521,-89.8,111.5
C,-,0.06666666666666667,-147.7,158.8
A,S,0.6886792452830188,-67.9,-31.7
C,-,0.37777777777777777,-128.5,74.5
P,H,0.0,-51.9,-47.3
G,H,0.011904761904761904,-64.2,-32.6
R,H,0.5524193548387096,-73.1,-47.2
D,H,0.07975460122699386,-65.3,-42.7
R,H,0.125,-54.4,-54.7
R,H,0.39919354838709675,-57.6,-39.6
T,H,0.31690140845070425,-68.8,-44.1
E,H,0.2268041237113402,-71.0,-37.4
E,H,0.24742268041237114,-64.7,-42.1
E,H,0.19072164948453607,-62.8,-42.7
N,H,0.4840764331210191,-62.6,-39.4
L,H,0.47560975609756095,-63.6,-41.9
R,H,0.4959677419354839,-63.4,-47.4
K,H,0.3170731707317073,-60.7,-30.5
K,H,0.6731707317073171,-72.3,-22.8
G,H,0.7738095238095238,-110.5,-20.6
E,S,0.520618556701031,-89.6,123.1
P,-,0.47794117647058826,-63.7,125.1
H,-,0.8152173913043478,-54.3,112.6
H,-,0.9130434782608695,-70.4,104.9
E,-,0.9329896907216495,-59.7,121.4
L,-,0.9329268292682927,-55.1,137.8
P,-,0.8529411764705882,-64.1,130.9
P,-,0.9485294117647058,-75.2,129.3
G,-,0.7976190476190477,81.9,83.4
S,-,0.9384615384615385,-81.1,87.0
T,-,0.9436619718309859,-136.3,92.0
K,-,0.9951219512195122,-53.0,121.5
R,-,0.9395161290322581,172.2,124.0
A,-,0.8490566037735849,49.6,132.0
L,-,0.9878048780487805,-167.2,143.6
P,-,0.8529411764705882,-93.4,141.9
N,-,0.9745222929936306,-139.6,117.8
N,-,0.89171974522293,-15.5,136.9
T,-,0.8802816901408451,155.3,127.6
S,-,0.7923076923076923,45.4,105.8
S,-,0.8615384615384616,169.1,116.8
S,-,0.8769230769230769,-70.0,137.5
P,-,0.8529411764705882,-137.0,122.1
Q,-,0.8636363636363636,22.0,124.8
P,-,0.9338235294117647,-73.3,106.9
K,-,0.9560975609756097,-56.7,112.3
K,-,1.0,-49.0,112.4
K,-,0.9365853658536586,-58.6,133.6
P,-,0.6764705882352942,-52.6,140.3
L,-,0.774390243902439,-66.3,130.9
D,T,0.8404907975460123,-65.9,-6.6
G,T,0.47619047619047616,-101.1,7.1
E,-,0.5412371134020618,-72.6,126.7
Y,-,0.6441441441441441,-77.8,123.0
F,-,0.7309644670050761,-101.8,140.1
T,-,0.9859154929577465,-89.1,116.2
L,-,0.75,-101.0,117.9
Q,-,0.9595959595959596,-82.7,117.3
I,-,0.2958579881656805,-116.7,124.1
R,-,0.8588709677419355,-85.0,125.4
G,S,0.5238095238095238,96.0,137.1
R,H,0.7903225806451613,-63.7,-51.8
E,H,0.845360824742268,-58.6,-39.4
R,H,0.5241935483870968,-64.6,-43.9
F,H,0.49238578680203043,-59.0,-45.8
E,H,0.31443298969072164,-60.3,-43.7
M,H,0.6223404255319149,-61.2,-46.4
F,H,0.49746192893401014,-67.6,-35.5
R,H,0.3951612903225806,-62.9,-49.8
E,H,0.6907216494845361,-59.1,-44.0
L,H,0.5914634146341463,-61.4,-44.8
N,H,0.5414012738853503,-63.4,-46.1
E,H,0.5360824742268041,-59.5,-39.7
A,H,0.5188679245283019,-67.2,-38.2
L,H,0.5121951219512195,-66.9,-47.8
E,H,0.5154639175257731,-58.5,-38.8
L,H,0.6341463414634146,-67.4,-36.9
K,H,0.6585365853658537,-65.6,-42.0
D,H,0.6134969325153374,-68.1,-36.1
A,H,0.18867924528301888,-58.8,-37.5
Q,H,0.6161616161616161,-79.7,-39.9
A,H,0.6132075471698113,-59.4,-34.5
G,T,0.6904761904761905,-71.8,-2.7
K,T,0.5951219512195122,-103.4,-7.4
E,-,0.7164948453608248,-73.6,116.0
P,-,0.7426470588235294,-65.6,123.6
G,S,1.0,-49.0,106.7
G,-,0.8214285714285714,134.2,62.1
S,-,0.7692307692307693,-137.2,95.2
R,-,0.9717741935483871,-49.9,117.4
A,-,0.9150943396226415,-55.3,104.4
H,-,0.9836956521739131,-75.4,88.1
S,-,0.7846153846153846,-67.6,97.6
S,-,0.8,-75.3,102.1
H,-,0.875,-59.9,104.7
L,-,1.0,-64.5,96.3
K,-,0.8878048780487805,-90.0,106.4
S,-,0.9615384615384616,-59.6,119.2
K,-,1.0,-139.6,119.2
K,-,1.0,-61.7,136.8
G,-,0.8690476190476191,75.4,117.7
Q,-,1.0,170.4,148.0
S,-,0.7538461538461538,-63.2,150.6
T,-,0.8732394366197183,144.1,106.3
S,-,0.7384615384615385,106.3,135.7
R,-,0.8911290322580645,96.0,100.5
H,-,0.9891304347826086,55.8,111.1
K,-,1.0,-154.9,145.3
K,-,0.9951219512195122,-92.7,148.9
L,-,0.8658536585365854,-51.5,137.5
M,-,0.9787234042553191,-111.4,116.6
F,-,0.8781725888324873,-78.4,136.7
K,-,0.8439024390243902,-94.3,115.7
T,-,0.9084507042253521,-104.0,125.4
E,-,0.8195876288659794,-89.3,142.9
G,-,0.8452380952380952,-160.2,149.7
P,-,0.9485294117647058,-115.3,173.6
D,-,0.9631901840490797,-8.6,136.1
S,-,0.9,165.8,117.6
D,-,1.0,-165.3,360.0
