Residue,Avg. B-factor
1,40.87
2,42.37
3,37.34
4,41.12
5,36.28
6,39.25
7,37.74
8,35.43
9,38.07
10,38.699999999999996
11,46.99
12,46.82
13,45.44
14,48.459999999999994
15,60.32999999999999
16,52.540000000000006
17,56.27999999999999
18,62.32999999999999
19,59.05
20,65.74
21,66.79
22,68.31
23,67.62
24,70.23
25,70.74
26,58.72000000000001
27,62.81
28,57.239999999999995
29,45.040000000000006
30,38.19
31,39.44
32,33.54
33,35.19
34,33.9
35,34.62
36,34.62
37,30.98
38,36.77
39,36.14
40,33.82
41,35.11000000000001
42,37.0
43,37.65
44,35.35
45,40.22
46,36.67000000000001
47,36.17000000000001
48,45.38
49,43.43
50,45.47
51,43.32
52,41.86000000000001
53,42.459999999999994
54,37.480000000000004
55,40.19
56,39.07999999999999
57,41.84
58,41.57
59,40.13
60,45.32999999999999
61,44.82999999999999
62,40.61000000000001
63,46.68
64,41.99
65,40.65999999999999
66,48.37
67,45.35000000000001
68,40.78
69,42.77
70,44.99
71,51.82
72,46.660000000000004
73,45.089999999999996
74,49.92
75,48.07
76,49.39
77,51.88
78,47.88
79,49.9
80,52.31
81,51.52999999999999
82,55.40999999999998
83,52.55
84,57.59000000000001
85,53.56
86,48.88
87,50.01
88,52.510000000000005
89,44.800000000000004
90,58.57999999999999
91,57.48000000000001
92,58.84000000000002
93,61.15999999999998
94,64.5
95,60.79
96,87.3
97,91.89999999999999
98,93.66999999999999
99,94.32
100,93.13
101,95.39999999999999
102,97.17999999999999
103,97.88
104,97.39999999999999
105,96.19
106,96.67
107,97.18000000000002
108,96.81
109,98.02999999999999
110,97.52999999999999
111,97.93
112,96.29
113,97.14
114,93.14999999999999
115,88.02999999999999
116,89.09000000000002
117,89.98
118,92.31000000000002
119,92.8
120,87.74
121,91.82
122,95.68999999999998
123,96.77999999999999
124,97.3
125,97.82000000000001
126,97.98
127,97.12
128,95.58000000000001
129,94.67
130,95.90999999999998
131,97.14
132,98.10000000000001
133,98.31
134,98.5
135,98.18
136,98.01
137,96.93
138,95.45
139,96.64
140,97.02
141,97.5
142,97.23
143,98.14999999999999
144,97.60000000000001
145,97.97000000000001
146,97.91
147,97.61
148,96.64
149,95.77999999999999
150,95.83000000000001
151,96.75
152,96.43999999999998
153,96.11
154,96.41
155,98.17999999999999
156,98.06999999999998
157,98.40999999999998
158,98.37999999999998
159,98.48
160,98.0
161,97.91
162,97.29999999999998
163,97.85000000000001
164,96.96000000000001
165,94.5
166,92.99
167,93.51
168,93.35000000000001
169,93.16999999999999
170,93.16999999999999
171,94.24
172,95.18999999999998
173,96.58000000000001
174,94.61
175,96.37999999999998
176,96.44
177,95.0
178,94.74
179,94.02
180,92.98
181,91.38
182,83.44
183,68.18
184,69.77999999999999
185,67.73
186,69.29
187,75.66
188,81.40999999999998
189,90.73
190,92.74
191,93.45000000000002
192,93.41999999999999
193,95.71000000000001
194,97.01
195,97.64999999999999
196,96.52999999999999
197,96.51
198,92.66999999999999
199,89.17
200,89.46000000000001
201,90.95000000000002
202,94.55999999999999
203,95.63
204,96.0
205,96.56999999999998
206,95.27
207,94.47000000000001
208,93.19
209,90.89
210,90.65999999999998
211,92.07000000000001
212,93.48
213,95.39
214,96.53999999999999
215,97.45
216,97.61
217,97.78999999999999
218,97.71000000000001
219,97.65999999999998
220,97.45000000000003
221,96.01
222,95.46000000000001
223,95.62
224,94.53999999999999
225,94.68999999999998
226,93.84
227,94.06
228,93.35000000000001
229,95.04
230,96.63
231,96.92999999999999
232,97.66999999999999
233,97.31999999999998
234,97.96000000000002
235,96.97000000000001
236,97.83
237,96.65999999999998
238,97.08
239,98.02999999999999
240,98.05
241,97.54
242,97.24
243,96.47000000000001
244,93.39
245,94.32
246,96.83000000000001
247,97.29999999999998
248,96.76
249,97.44000000000001
250,97.88
251,98.33000000000001
252,98.19
253,98.49
254,98.40999999999998
255,98.58000000000001
256,98.53999999999999
257,98.43
258,98.32
259,97.12
260,96.11
261,95.90999999999998
262,94.03
263,96.54999999999998
264,97.66999999999999
265,98.11
266,97.99
267,98.53999999999998
268,98.08000000000001
269,98.0
270,98.29999999999997
271,98.38
272,98.62
273,98.43000000000002
274,98.60000000000001
275,97.98
276,97.23
277,96.83
278,97.83000000000001
279,97.02
280,96.52999999999999
281,97.06
282,97.21000000000002
283,95.97000000000001
284,95.98
285,96.27999999999999
286,95.87
287,95.02999999999999
288,93.39
289,91.90999999999998
290,91.08000000000003
291,89.15999999999998
292,80.7
293,66.19
294,54.709999999999994
295,45.53000000000001
296,49.480000000000004
297,47.5
298,39.17000000000001
299,48.57999999999999
300,45.300000000000004
301,47.53000000000001
302,39.52
303,44.86000000000001
304,46.57999999999999
305,47.5
306,43.75
307,40.22
308,48.290000000000006
309,42.5
310,44.89999999999999
311,43.13999999999999
312,44.26
313,44.27
314,42.59
315,38.35
316,47.81
317,48.47
318,45.67000000000001
319,49.67000000000001
320,50.03
321,50.540000000000006
322,50.85000000000001
323,53.269999999999996
324,70.22000000000001
325,79.25
326,87.32
327,88.31999999999998
328,91.36
329,93.42999999999999
330,94.52999999999999
331,95.74
332,96.13
333,96.14999999999999
334,94.94
335,95.03999999999998
336,95.21000000000001
337,94.23
338,96.83000000000001
339,95.75
340,95.16999999999999
341,96.91999999999999
342,94.59000000000002
343,95.14
344,95.57
345,95.21000000000001
346,91.98
347,93.68
348,92.45000000000002
349,88.86
350,86.47000000000001
351,88.93
352,87.81
353,82.92
354,80.11
355,79.44
356,65.74
357,59.35000000000001
358,45.38
359,48.64999999999999
360,36.69
361,34.67
362,38.46
363,39.40999999999999
364,38.67
365,38.970000000000006
366,38.67000000000001
367,43.72
368,39.99
369,39.85
370,43.24
371,38.88
372,46.62
373,42.32
374,36.07
375,39.71
376,36.23
377,42.300000000000004
378,45.0
379,45.17000000000001
380,44.050000000000004
381,45.61000000000001
382,46.82999999999999
383,37.81
384,49.59
385,48.5
386,45.24
387,50.910000000000004
388,45.34
389,59.46
390,52.39999999999999
391,43.13
392,50.82
393,47.63
